[handleMsg]:  {
  key: {
    remoteJid: '5491162029649@s.whatsapp.net',
    fromMe: false,
    id: '3EB08D4194EFEB4F618E6E',
    participant: undefined
  },
  messageTimestamp: 1748913269,
  pushName: 'Cristian Rojas',
  broadcast: false,
  messageStubType: 2,
  messageStubParameters: [ 'No matching sessions found for message' ],
  body: undefined,
  from: '5491162029649'
}
[handleMsg]:  {
  key: {
    remoteJid: '5491162029649@s.whatsapp.net',
    fromMe: false,
    id: '3EB0A5A1CDC7170F2FE1B8',
    participant: undefined
  },
  messageTimestamp: 1748913270,
  pushName: 'Cristian Rojas',
  broadcast: false,
  messageStubType: 2,
  messageStubParameters: [ 'No matching sessions found for message' ],
  body: undefined,
  from: '5491162029649'
}
[handleMsg]:  {
  key: {
    remoteJid: '5491162029649@s.whatsapp.net',
    fromMe: false,
    id: '3EB08D4194EFEB4F618E6E',
    participant: undefined
  },
  messageTimestamp: 1748913270,
  pushName: 'Cristian Rojas',
  broadcast: false,
  message: Message {
    conversation: '1',
    messageContextInfo: MessageContextInfo {
      deviceListMetadata: [DeviceListMetadata],
      deviceListMetadataVersion: 2,
      messageSecret: [Uint8Array]
    }
  },
  body: '1',
  from: '5491162029649'
}
[handleMsg]:  {
  key: {
    remoteJid: '5491162029649@s.whatsapp.net',
    fromMe: false,
    id: '3EB0A5A1CDC7170F2FE1B8',
    participant: undefined
  },
  messageTimestamp: 1748913270,
  pushName: 'Cristian Rojas',
  broadcast: false,
  message: Message {
    conversation: '1',
    messageContextInfo: MessageContextInfo {
      deviceListMetadata: [DeviceListMetadata],
      deviceListMetadataVersion: 2,
      messageSecret: [Uint8Array]
    }
  },
  body: '1',
  from: '5491162029649'
}
[QUEUE_SE_ENVIO]:  {
  ref: 'ans_4ed080be-1dfb-42ea-a8a9-616a9b20ceb6',
  keyword: 'key_a8d9bdc4-75d8-4e50-9e3f-ab26c395f6c8',
  answer: '__call_action__',
  options: {
    media: null,
    buttons: [],
    capture: false,
    child: null,
    delay: 0,
    idle: null,
    ref: null,
    nested: [],
    keyword: {},
    callback: true
  },
  refSerialize: 'e6392188d79ba073e078463b897bff24'
}
[handleMsg]:  {
  key: {
    remoteJid: '5491162029649@s.whatsapp.net',
    fromMe: false,
    id: '3EB0F732F32E13A0583550',
    participant: undefined
  },
  messageTimestamp: 1748913296,
  pushName: 'Cristian Rojas',
  broadcast: false,
  message: Message {
    conversation: '3',
    messageContextInfo: MessageContextInfo {
      deviceListMetadata: [DeviceListMetadata],
      deviceListMetadataVersion: 2,
      messageSecret: [Uint8Array]
    }
  },
  body: '3',
  from: '5491162029649'
}
[handleMsg]:  {
  key: {
    remoteJid: '5491162029649@s.whatsapp.net',
    fromMe: false,
    id: '3EB0B68CCADCE3BA5933FC',
    participant: undefined
  },
  messageTimestamp: 1748913307,
  pushName: 'Cristian Rojas',
  broadcast: false,
  message: Message {
    conversation: 'No',
    messageContextInfo: MessageContextInfo {
      deviceListMetadata: [DeviceListMetadata],
      deviceListMetadataVersion: 2,
      messageSecret: [Uint8Array]
    }
  },
  body: 'No',
  from: '5491162029649'
}
[handleMsg]:  {
  key: {
    remoteJid: '5491162029649@s.whatsapp.net',
    fromMe: false,
    id: '3EB099EAD83BD4B70EB765',
    participant: undefined
  },
  messageTimestamp: 1748913313,
  pushName: 'Cristian Rojas',
  broadcast: false,
  message: Message {
    conversation: '1',
    messageContextInfo: MessageContextInfo {
      deviceListMetadata: [DeviceListMetadata],
      deviceListMetadataVersion: 2,
      messageSecret: [Uint8Array]
    }
  },
  body: '1',
  from: '5491162029649'
}
[handleMsg]:  {
  key: {
    remoteJid: '5491162029649@s.whatsapp.net',
    fromMe: false,
    id: '3EB0ADE6DDEF034FA15F9E',
    participant: undefined
  },
  messageTimestamp: 1748913318,
  pushName: 'Cristian Rojas',
  broadcast: false,
  message: Message {
    conversation: '1',
    messageContextInfo: MessageContextInfo {
      deviceListMetadata: [DeviceListMetadata],
      deviceListMetadataVersion: 2,
      messageSecret: [Uint8Array]
    }
  },
  body: '1',
  from: '5491162029649'
}
[handleMsg]:  {
  key: {
    remoteJid: '5491162029649@s.whatsapp.net',
    fromMe: false,
    id: '3EB0DB028554B79A3DB79B',
    participant: undefined
  },
  messageTimestamp: 1748913505,
  pushName: 'Cristian Rojas',
  broadcast: false,
  message: Message {
    conversation: '1',
    messageContextInfo: MessageContextInfo {
      deviceListMetadata: [DeviceListMetadata],
      deviceListMetadataVersion: 2,
      messageSecret: [Uint8Array]
    }
  },
  body: '1',
  from: '5491162029649'
}
